# JRE version: Java(TM) SE Runtime Environment 18.9 (11.0.13+10) (build 11.0.13+10-LTS-370)
# Java VM: Java HotSpot(TM) 64-Bit Server VM 18.9 (11.0.13+10-LTS-370, mixed mode, tiered, compressed oops, g1 gc, windows-amd64)
Heap:
 garbage-first heap   total 114688K, used 14130K [0x0000000091000000, 0x0000000100000000)
  region size 1024K, 12 young (12288K), 5 survivors (5120K)
 Metaspace       used 21488K, capacity 21960K, committed 22192K, reserved 1069056K
  class space    used 2302K, capacity 2433K, committed 2560K, reserved 1048576K
GC Heap History (6 events):
Event: 1.351 GC heap before
{Heap before GC invocations=0 (full 0):
 garbage-first heap   total 114688K, used 23552K [0x0000000091000000, 0x0000000100000000)
  region size 1024K, 24 young (24576K), 0 survivors (0K)
 Metaspace       used 12274K, capacity 12468K, committed 12672K, reserved 1060864K
  class space    used 1240K, capacity 1348K, committed 1408K, reserved 1048576K
}
Event: 1.361 GC heap after
{Heap after GC invocations=1 (full 0):
 garbage-first heap   total 114688K, used 3468K [0x0000000091000000, 0x0000000100000000)
  region size 1024K, 3 young (3072K), 3 survivors (3072K)
 Metaspace       used 12274K, capacity 12468K, committed 12672K, reserved 1060864K
  class space    used 1240K, capacity 1348K, committed 1408K, reserved 1048576K
}
Event: 3.876 GC heap before
{Heap before GC invocations=1 (full 0):
 garbage-first heap   total 114688K, used 69004K [0x0000000091000000, 0x0000000100000000)
  region size 1024K, 67 young (68608K), 3 survivors (3072K)
 Metaspace       used 20454K, capacity 20865K, committed 21120K, reserved 1069056K
  class space    used 2176K, capacity 2317K, committed 2432K, reserved 1048576K
}
Event: 3.894 GC heap after
{Heap after GC invocations=2 (full 0):
 garbage-first heap   total 114688K, used 6970K [0x0000000091000000, 0x0000000100000000)
  region size 1024K, 7 young (7168K), 7 survivors (7168K)
 Metaspace       used 20454K, capacity 20865K, committed 21120K, reserved 1069056K
  class space    used 2176K, capacity 2317K, committed 2432K, reserved 1048576K
}
Event: 4.226 GC heap before
{Heap before GC invocations=2 (full 0):
 garbage-first heap   total 114688K, used 19258K [0x0000000091000000, 0x0000000100000000)
  region size 1024K, 21 young (21504K), 7 survivors (7168K)
 Metaspace       used 20729K, capacity 21166K, committed 21296K, reserved 1069056K
  class space    used 2198K, capacity 2357K, committed 2432K, reserved 1048576K
}
Event: 4.248 GC heap after
{Heap after GC invocations=3 (full 0):
 garbage-first heap   total 114688K, used 7986K [0x0000000091000000, 0x0000000100000000)
  region size 1024K, 5 young (5120K), 5 survivors (5120K)
 Metaspace       used 20729K, capacity 21166K, committed 21296K, reserved 1069056K
  class space    used 2198K, capacity 2357K, committed 2432K, reserved 1048576K
}

